<?xml version="1.0" encoding="UTF-8"?>
<!-- Generated by org.testng.reporters.JUnitReportReporter -->
<testsuite skipped="0" hostname="Oscar-THOR" name="se.selenium_hybrid_framework.automatedTests.TestCases" tests="2" failures="0" timestamp="09 maj 2018 20:54:51 GMT" time="9.079" errors="0">
  <testcase name="test" time="3.100" classname="se.selenium_hybrid_framework.automatedTests.TestCases"/>
  <testcase name="test" time="5.979" classname="se.selenium_hybrid_framework.automatedTests.TestCases"/>
</testsuite> <!-- se.selenium_hybrid_framework.automatedTests.TestCases -->
